# JRE version: Java(TM) SE Runtime Environment (8.0_11-b12) (build 1.8.0_11-b12)
# Java VM: Java HotSpot(TM) 64-Bit Server VM (25.11-b03 mixed mode bsd-amd64 compressed oops)
Heap:
 PSYoungGen      total 33792K, used 17619K [0x0000000795580000, 0x0000000798c80000, 0x00000007c0000000)
  eden space 30720K, 47% used [0x0000000795580000,0x00000007963b58a8,0x0000000797380000)
  from space 3072K, 99% used [0x0000000797380000,0x000000079767f430,0x0000000797680000)
  to   space 3584K, 0% used [0x0000000798900000,0x0000000798900000,0x0000000798c80000)
 ParOldGen       total 129536K, used 61557K [0x0000000740000000, 0x0000000747e80000, 0x0000000795580000)
  object space 129536K, 47% used [0x0000000740000000,0x0000000743c1d5e0,0x0000000747e80000)
 Metaspace       used 18486K, capacity 18750K, committed 18944K, reserved 1064960K
  class space    used 2656K, capacity 2718K, committed 2816K, reserved 1048576K
GC Heap History (10 events):
Event: 14.089 GC heap before
{Heap before GC invocations=11 (full 0):
 PSYoungGen      total 14336K, used 13746K [0x0000000795580000, 0x0000000796600000, 0x00000007c0000000)
  eden space 11776K, 100% used [0x0000000795580000,0x0000000796100000,0x0000000796100000)
  from space 2560K, 76% used [0x0000000796380000,0x000000079656ca80,0x0000000796600000)
  to   space 2560K, 0% used [0x0000000796100000,0x0000000796100000,0x0000000796380000)
 ParOldGen       total 129536K, used 39037K [0x0000000740000000, 0x0000000747e80000, 0x0000000795580000)
  object space 129536K, 30% used [0x0000000740000000,0x000000074261f7b8,0x0000000747e80000)
 Metaspace       used 15096K, capacity 15216K, committed 15488K, reserved 1062912K
  class space    used 2075K, capacity 2106K, committed 2176K, reserved 1048576K
Event: 14.099 GC heap after
Heap after GC invocations=11 (full 0):
 PSYoungGen      total 14336K, used 2496K [0x0000000795580000, 0x0000000796e00000, 0x00000007c0000000)
  eden space 11776K, 0% used [0x0000000795580000,0x0000000795580000,0x0000000796100000)
  from space 2560K, 97% used [0x0000000796100000,0x0000000796370010,0x0000000796380000)
  to   space 3072K, 0% used [0x0000000796b00000,0x0000000796b00000,0x0000000796e00000)
 ParOldGen       total 129536K, used 40961K [0x0000000740000000, 0x0000000747e80000, 0x0000000795580000)
  object space 129536K, 31% used [0x0000000740000000,0x0000000742800510,0x0000000747e80000)
 Metaspace       used 15096K, capacity 15216K, committed 15488K, reserved 1062912K
  class space    used 2075K, capacity 2106K, committed 2176K, reserved 1048576K
}
Event: 15.491 GC heap before
{Heap before GC invocations=12 (full 0):
 PSYoungGen      total 14336K, used 14272K [0x0000000795580000, 0x0000000796e00000, 0x00000007c0000000)
  eden space 11776K, 100% used [0x0000000795580000,0x0000000796100000,0x0000000796100000)
  from space 2560K, 97% used [0x0000000796100000,0x0000000796370010,0x0000000796380000)
  to   space 3072K, 0% used [0x0000000796b00000,0x0000000796b00000,0x0000000796e00000)
 ParOldGen       total 129536K, used 40961K [0x0000000740000000, 0x0000000747e80000, 0x0000000795580000)
  object space 129536K, 31% used [0x0000000740000000,0x0000000742800510,0x0000000747e80000)
 Metaspace       used 16454K, capacity 16614K, committed 16896K, reserved 1062912K
  class space    used 2403K, capacity 2435K, committed 2560K, reserved 1048576K
Event: 15.501 GC heap after
Heap after GC invocations=12 (full 0):
 PSYoungGen      total 22016K, used 704K [0x0000000795580000, 0x0000000796e00000, 0x00000007c0000000)
  eden space 18944K, 0% used [0x0000000795580000,0x0000000795580000,0x0000000796800000)
  from space 3072K, 22% used [0x0000000796b00000,0x0000000796bb0000,0x0000000796e00000)
  to   space 3072K, 0% used [0x0000000796800000,0x0000000796800000,0x0000000796b00000)
 ParOldGen       total 129536K, used 45393K [0x0000000740000000, 0x0000000747e80000, 0x0000000795580000)
  object space 129536K, 35% used [0x0000000740000000,0x0000000742c54410,0x0000000747e80000)
 Metaspace       used 16454K, capacity 16614K, committed 16896K, reserved 1062912K
  class space    used 2403K, capacity 2435K, committed 2560K, reserved 1048576K
}
Event: 18.235 GC heap before
{Heap before GC invocations=13 (full 0):
 PSYoungGen      total 22016K, used 19648K [0x0000000795580000, 0x0000000796e00000, 0x00000007c0000000)
  eden space 18944K, 100% used [0x0000000795580000,0x0000000796800000,0x0000000796800000)
  from space 3072K, 22% used [0x0000000796b00000,0x0000000796bb0000,0x0000000796e00000)
  to   space 3072K, 0% used [0x0000000796800000,0x0000000796800000,0x0000000796b00000)
 ParOldGen       total 129536K, used 45393K [0x0000000740000000, 0x0000000747e80000, 0x0000000795580000)
  object space 129536K, 35% used [0x0000000740000000,0x0000000742c54410,0x0000000747e80000)
 Metaspace       used 16650K, capacity 16806K, committed 17152K, reserved 1064960K
  class space    used 2404K, capacity 2435K, committed 2560K, reserved 1048576K
Event: 18.241 GC heap after
Heap after GC invocations=13 (full 0):
 PSYoungGen      total 22016K, used 160K [0x0000000795580000, 0x0000000797980000, 0x00000007c0000000)
  eden space 18944K, 0% used [0x0000000795580000,0x0000000795580000,0x0000000796800000)
  from space 3072K, 5% used [0x0000000796800000,0x0000000796828000,0x0000000796b00000)
  to   space 3072K, 0% used [0x0000000797680000,0x0000000797680000,0x0000000797980000)
 ParOldGen       total 129536K, used 46013K [0x0000000740000000, 0x0000000747e80000, 0x0000000795580000)
  object space 129536K, 35% used [0x0000000740000000,0x0000000742cef5d8,0x0000000747e80000)
 Metaspace       used 16650K, capacity 16806K, committed 17152K, reserved 1064960K
  class space    used 2404K, capacity 2435K, committed 2560K, reserved 1048576K
}
Event: 24.875 GC heap before
{Heap before GC invocations=14 (full 0):
 PSYoungGen      total 22016K, used 19075K [0x0000000795580000, 0x0000000797980000, 0x00000007c0000000)
  eden space 18944K, 99% used [0x0000000795580000,0x00000007967f8eb0,0x0000000796800000)
  from space 3072K, 5% used [0x0000000796800000,0x0000000796828000,0x0000000796b00000)
  to   space 3072K, 0% used [0x0000000797680000,0x0000000797680000,0x0000000797980000)
 ParOldGen       total 129536K, used 46013K [0x0000000740000000, 0x0000000747e80000, 0x0000000795580000)
  object space 129536K, 35% used [0x0000000740000000,0x0000000742cef5d8,0x0000000747e80000)
 Metaspace       used 17527K, capacity 17778K, committed 18048K, reserved 1064960K
  class space    used 2526K, capacity 2604K, committed 2688K, reserved 1048576K
Event: 24.891 GC heap after
Heap after GC invocations=14 (full 0):
 PSYoungGen      total 33792K, used 655K [0x0000000795580000, 0x0000000797980000, 0x00000007c0000000)
  eden space 30720K, 0% used [0x0000000795580000,0x0000000795580000,0x0000000797380000)
  from space 3072K, 21% used [0x0000000797680000,0x0000000797723e90,0x0000000797980000)
  to   space 3072K, 0% used [0x0000000797380000,0x0000000797380000,0x0000000797680000)
 ParOldGen       total 129536K, used 52477K [0x0000000740000000, 0x0000000747e80000, 0x0000000795580000)
  object space 129536K, 40% used [0x0000000740000000,0x000000074333f668,0x0000000747e80000)
 Metaspace       used 17527K, capacity 17778K, committed 18048K, reserved 1064960K
  class space    used 2526K, capacity 2604K, committed 2688K, reserved 1048576K
}
Event: 35.910 GC heap before
{Heap before GC invocations=15 (full 0):
 PSYoungGen      total 33792K, used 31375K [0x0000000795580000, 0x0000000797980000, 0x00000007c0000000)
  eden space 30720K, 100% used [0x0000000795580000,0x0000000797380000,0x0000000797380000)
  from space 3072K, 21% used [0x0000000797680000,0x0000000797723e90,0x0000000797980000)
  to   space 3072K, 0% used [0x0000000797380000,0x0000000797380000,0x0000000797680000)
 ParOldGen       total 129536K, used 52477K [0x0000000740000000, 0x0000000747e80000, 0x0000000795580000)
  object space 129536K, 40% used [0x0000000740000000,0x000000074333f668,0x0000000747e80000)
 Metaspace       used 17925K, capacity 18152K, committed 18304K, reserved 1064960K
  class space    used 2552K, capacity 2613K, committed 2688K, reserved 1048576K
Event: 35.933 GC heap after
Heap after GC invocations=15 (full 0):
 PSYoungGen      total 33792K, used 3069K [0x0000000795580000, 0x0000000798c80000, 0x00000007c0000000)
  eden space 30720K, 0% used [0x0000000795580000,0x0000000795580000,0x0000000797380000)
  from space 3072K, 99% used [0x0000000797380000,0x000000079767f430,0x0000000797680000)
  to   space 3584K, 0% used [0x0000000798900000,0x0000000798900000,0x0000000798c80000)
 ParOldGen       total 129536K, used 61557K [0x0000000740000000, 0x0000000747e80000, 0x0000000795580000)
  object space 129536K, 47% used [0x0000000740000000,0x0000000743c1d5e0,0x0000000747e80000)
 Metaspace       used 17925K, capacity 18152K, committed 18304K, reserved 1064960K
  class space    used 2552K, capacity 2613K, committed 2688K, reserved 1048576K
}

