# JRE version: Java(TM) SE Runtime Environment (8.0_11-b12) (build 1.8.0_11-b12)
# Java VM: Java HotSpot(TM) 64-Bit Server VM (25.11-b03 mixed mode bsd-amd64 compressed oops)
Heap:
 PSYoungGen      total 19456K, used 11179K [0x0000000795580000, 0x0000000797280000, 0x00000007c0000000)
  eden space 11264K, 87% used [0x0000000795580000,0x0000000795f22cb8,0x0000000796080000)
  from space 8192K, 16% used [0x0000000796080000,0x00000007961c8000,0x0000000796880000)
  to   space 8192K, 0% used [0x0000000796a80000,0x0000000796a80000,0x0000000797280000)
 ParOldGen       total 67584K, used 55943K [0x0000000740000000, 0x0000000744200000, 0x0000000795580000)
  object space 67584K, 82% used [0x0000000740000000,0x00000007436a1f68,0x0000000744200000)
 Metaspace       used 19324K, capacity 19682K, committed 19968K, reserved 1067008K
  class space    used 2673K, capacity 2782K, committed 2816K, reserved 1048576K
GC Heap History (10 events):
Event: 34800.196 GC heap before
{Heap before GC invocations=51 (full 4):
 PSYoungGen      total 16896K, used 7328K [0x0000000795580000, 0x0000000796f80000, 0x00000007c0000000)
  eden space 7168K, 100% used [0x0000000795580000,0x0000000795c80000,0x0000000795c80000)
  from space 9728K, 1% used [0x0000000796600000,0x0000000796628000,0x0000000796f80000)
  to   space 9728K, 0% used [0x0000000795c80000,0x0000000795c80000,0x0000000796600000)
 ParOldGen       total 67584K, used 55943K [0x0000000740000000, 0x0000000744200000, 0x0000000795580000)
  object space 67584K, 82% used [0x0000000740000000,0x00000007436a1f68,0x0000000744200000)
 Metaspace       used 19316K, capacity 19682K, committed 19968K, reserved 1067008K
  class space    used 2671K, capacity 2782K, committed 2816K, reserved 1048576K
Event: 34800.208 GC heap after
Heap after GC invocations=51 (full 4):
 PSYoungGen      total 16896K, used 3840K [0x0000000795580000, 0x0000000797080000, 0x00000007c0000000)
  eden space 7168K, 0% used [0x0000000795580000,0x0000000795580000,0x0000000795c80000)
  from space 9728K, 39% used [0x0000000795c80000,0x0000000796040000,0x0000000796600000)
  to   space 9216K, 0% used [0x0000000796780000,0x0000000796780000,0x0000000797080000)
 ParOldGen       total 67584K, used 55943K [0x0000000740000000, 0x0000000744200000, 0x0000000795580000)
  object space 67584K, 82% used [0x0000000740000000,0x00000007436a1f68,0x0000000744200000)
 Metaspace       used 19316K, capacity 19682K, committed 19968K, reserved 1067008K
  class space    used 2671K, capacity 2782K, committed 2816K, reserved 1048576K
}
Event: 41334.132 GC heap before
{Heap before GC invocations=52 (full 4):
 PSYoungGen      total 16896K, used 11008K [0x0000000795580000, 0x0000000797080000, 0x00000007c0000000)
  eden space 7168K, 100% used [0x0000000795580000,0x0000000795c80000,0x0000000795c80000)
  from space 9728K, 39% used [0x0000000795c80000,0x0000000796040000,0x0000000796600000)
  to   space 9216K, 0% used [0x0000000796780000,0x0000000796780000,0x0000000797080000)
 ParOldGen       total 67584K, used 55943K [0x0000000740000000, 0x0000000744200000, 0x0000000795580000)
  object space 67584K, 82% used [0x0000000740000000,0x00000007436a1f68,0x0000000744200000)
 Metaspace       used 19316K, capacity 19682K, committed 19968K, reserved 1067008K
  class space    used 2671K, capacity 2782K, committed 2816K, reserved 1048576K
Event: 41334.138 GC heap after
Heap after GC invocations=52 (full 4):
 PSYoungGen      total 17408K, used 1728K [0x0000000795580000, 0x0000000796f80000, 0x00000007c0000000)
  eden space 9216K, 0% used [0x0000000795580000,0x0000000795580000,0x0000000795e80000)
  from space 8192K, 21% used [0x0000000796780000,0x0000000796930000,0x0000000796f80000)
  to   space 8704K, 0% used [0x0000000795e80000,0x0000000795e80000,0x0000000796700000)
 ParOldGen       total 67584K, used 55943K [0x0000000740000000, 0x0000000744200000, 0x0000000795580000)
  object space 67584K, 82% used [0x0000000740000000,0x00000007436a1f68,0x0000000744200000)
 Metaspace       used 19316K, capacity 19682K, committed 19968K, reserved 1067008K
  class space    used 2671K, capacity 2782K, committed 2816K, reserved 1048576K
}
Event: 47868.088 GC heap before
{Heap before GC invocations=53 (full 4):
 PSYoungGen      total 17408K, used 10944K [0x0000000795580000, 0x0000000796f80000, 0x00000007c0000000)
  eden space 9216K, 100% used [0x0000000795580000,0x0000000795e80000,0x0000000795e80000)
  from space 8192K, 21% used [0x0000000796780000,0x0000000796930000,0x0000000796f80000)
  to   space 8704K, 0% used [0x0000000795e80000,0x0000000795e80000,0x0000000796700000)
 ParOldGen       total 67584K, used 55943K [0x0000000740000000, 0x0000000744200000, 0x0000000795580000)
  object space 67584K, 82% used [0x0000000740000000,0x00000007436a1f68,0x0000000744200000)
 Metaspace       used 19316K, capacity 19682K, committed 19968K, reserved 1067008K
  class space    used 2671K, capacity 2782K, committed 2816K, reserved 1048576K
Event: 47868.092 GC heap after
Heap after GC invocations=53 (full 4):
 PSYoungGen      total 17920K, used 704K [0x0000000795580000, 0x0000000797180000, 0x00000007c0000000)
  eden space 9216K, 0% used [0x0000000795580000,0x0000000795580000,0x0000000795e80000)
  from space 8704K, 8% used [0x0000000795e80000,0x0000000795f30000,0x0000000796700000)
  to   space 8704K, 0% used [0x0000000796900000,0x0000000796900000,0x0000000797180000)
 ParOldGen       total 67584K, used 55943K [0x0000000740000000, 0x0000000744200000, 0x0000000795580000)
  object space 67584K, 82% used [0x0000000740000000,0x00000007436a1f68,0x0000000744200000)
 Metaspace       used 19316K, capacity 19682K, committed 19968K, reserved 1067008K
  class space    used 2671K, capacity 2782K, committed 2816K, reserved 1048576K
}
Event: 47871.109 GC heap before
{Heap before GC invocations=54 (full 4):
 PSYoungGen      total 17920K, used 9920K [0x0000000795580000, 0x0000000797180000, 0x00000007c0000000)
  eden space 9216K, 100% used [0x0000000795580000,0x0000000795e80000,0x0000000795e80000)
  from space 8704K, 8% used [0x0000000795e80000,0x0000000795f30000,0x0000000796700000)
  to   space 8704K, 0% used [0x0000000796900000,0x0000000796900000,0x0000000797180000)
 ParOldGen       total 67584K, used 55943K [0x0000000740000000, 0x0000000744200000, 0x0000000795580000)
  object space 67584K, 82% used [0x0000000740000000,0x00000007436a1f68,0x0000000744200000)
 Metaspace       used 19316K, capacity 19682K, committed 19968K, reserved 1067008K
  class space    used 2671K, capacity 2782K, committed 2816K, reserved 1048576K
Event: 47871.113 GC heap after
Heap after GC invocations=54 (full 4):
 PSYoungGen      total 18944K, used 1248K [0x0000000795580000, 0x0000000797080000, 0x00000007c0000000)
  eden space 11264K, 0% used [0x0000000795580000,0x0000000795580000,0x0000000796080000)
  from space 7680K, 16% used [0x0000000796900000,0x0000000796a38000,0x0000000797080000)
  to   space 8192K, 0% used [0x0000000796080000,0x0000000796080000,0x0000000796880000)
 ParOldGen       total 67584K, used 55943K [0x0000000740000000, 0x0000000744200000, 0x0000000795580000)
  object space 67584K, 82% used [0x0000000740000000,0x00000007436a1f68,0x0000000744200000)
 Metaspace       used 19316K, capacity 19682K, committed 19968K, reserved 1067008K
  class space    used 2671K, capacity 2782K, committed 2816K, reserved 1048576K
}
Event: 54404.603 GC heap before
{Heap before GC invocations=55 (full 4):
 PSYoungGen      total 18944K, used 12512K [0x0000000795580000, 0x0000000797080000, 0x00000007c0000000)
  eden space 11264K, 100% used [0x0000000795580000,0x0000000796080000,0x0000000796080000)
  from space 7680K, 16% used [0x0000000796900000,0x0000000796a38000,0x0000000797080000)
  to   space 8192K, 0% used [0x0000000796080000,0x0000000796080000,0x0000000796880000)
 ParOldGen       total 67584K, used 55943K [0x0000000740000000, 0x0000000744200000, 0x0000000795580000)
  object space 67584K, 82% used [0x0000000740000000,0x00000007436a1f68,0x0000000744200000)
 Metaspace       used 19316K, capacity 19682K, committed 19968K, reserved 1067008K
  class space    used 2671K, capacity 2782K, committed 2816K, reserved 1048576K
Event: 54404.608 GC heap after
Heap after GC invocations=55 (full 4):
 PSYoungGen      total 19456K, used 1312K [0x0000000795580000, 0x0000000797280000, 0x00000007c0000000)
  eden space 11264K, 0% used [0x0000000795580000,0x0000000795580000,0x0000000796080000)
  from space 8192K, 16% used [0x0000000796080000,0x00000007961c8000,0x0000000796880000)
  to   space 8192K, 0% used [0x0000000796a80000,0x0000000796a80000,0x0000000797280000)
 ParOldGen       total 67584K, used 55943K [0x0000000740000000, 0x0000000744200000, 0x0000000795580000)
  object space 67584K, 82% used [0x0000000740000000,0x00000007436a1f68,0x0000000744200000)
 Metaspace       used 19316K, capacity 19682K, committed 19968K, reserved 1067008K
  class space    used 2671K, capacity 2782K, committed 2816K, reserved 1048576K
}

