# JRE version: Java(TM) SE Runtime Environment (8.0_11-b12) (build 1.8.0_11-b12)
# Java VM: Java HotSpot(TM) 64-Bit Server VM (25.11-b03 mixed mode bsd-amd64 compressed oops)
Heap:
 PSYoungGen      total 52224K, used 17427K [0x0000000795580000, 0x000000079a000000, 0x00000007c0000000)
  eden space 49152K, 35% used [0x0000000795580000,0x0000000796684d70,0x0000000798580000)
  from space 3072K, 0% used [0x0000000798580000,0x0000000798580000,0x0000000798880000)
  to   space 3584K, 0% used [0x0000000799c80000,0x0000000799c80000,0x000000079a000000)
 ParOldGen       total 72192K, used 40634K [0x0000000740000000, 0x0000000744680000, 0x0000000795580000)
  object space 72192K, 56% used [0x0000000740000000,0x00000007427aeb48,0x0000000744680000)
 Metaspace       used 18992K, capacity 19328K, committed 19456K, reserved 1067008K
  class space    used 2721K, capacity 2793K, committed 2816K, reserved 1048576K
GC Heap History (10 events):
Event: 11.704 GC heap before
{Heap before GC invocations=14 (full 0):
 PSYoungGen      total 22016K, used 19104K [0x0000000795580000, 0x0000000797980000, 0x00000007c0000000)
  eden space 18944K, 100% used [0x0000000795580000,0x0000000796800000,0x0000000796800000)
  from space 3072K, 5% used [0x0000000796800000,0x0000000796828000,0x0000000796b00000)
  to   space 3072K, 0% used [0x0000000797680000,0x0000000797680000,0x0000000797980000)
 ParOldGen       total 129536K, used 48009K [0x0000000740000000, 0x0000000747e80000, 0x0000000795580000)
  object space 129536K, 37% used [0x0000000740000000,0x0000000742ee25e8,0x0000000747e80000)
 Metaspace       used 17407K, capacity 17650K, committed 18048K, reserved 1064960K
  class space    used 2519K, capacity 2604K, committed 2688K, reserved 1048576K
Event: 11.720 GC heap after
Heap after GC invocations=14 (full 0):
 PSYoungGen      total 33792K, used 625K [0x0000000795580000, 0x0000000797980000, 0x00000007c0000000)
  eden space 30720K, 0% used [0x0000000795580000,0x0000000795580000,0x0000000797380000)
  from space 3072K, 20% used [0x0000000797680000,0x000000079771c508,0x0000000797980000)
  to   space 3072K, 0% used [0x0000000797380000,0x0000000797380000,0x0000000797680000)
 ParOldGen       total 129536K, used 54473K [0x0000000740000000, 0x0000000747e80000, 0x0000000795580000)
  object space 129536K, 42% used [0x0000000740000000,0x0000000743532678,0x0000000747e80000)
 Metaspace       used 17407K, capacity 17650K, committed 18048K, reserved 1064960K
  class space    used 2519K, capacity 2604K, committed 2688K, reserved 1048576K
}
Event: 15.433 GC heap before
{Heap before GC invocations=15 (full 0):
 PSYoungGen      total 33792K, used 31345K [0x0000000795580000, 0x0000000797980000, 0x00000007c0000000)
  eden space 30720K, 100% used [0x0000000795580000,0x0000000797380000,0x0000000797380000)
  from space 3072K, 20% used [0x0000000797680000,0x000000079771c508,0x0000000797980000)
  to   space 3072K, 0% used [0x0000000797380000,0x0000000797380000,0x0000000797680000)
 ParOldGen       total 129536K, used 54473K [0x0000000740000000, 0x0000000747e80000, 0x0000000795580000)
  object space 129536K, 42% used [0x0000000740000000,0x0000000743532678,0x0000000747e80000)
 Metaspace       used 17744K, capacity 17994K, committed 18304K, reserved 1064960K
  class space    used 2552K, capacity 2608K, committed 2688K, reserved 1048576K
Event: 15.478 GC heap after
Heap after GC invocations=15 (full 0):
 PSYoungGen      total 33792K, used 1196K [0x0000000795580000, 0x0000000798b80000, 0x00000007c0000000)
  eden space 30720K, 0% used [0x0000000795580000,0x0000000795580000,0x0000000797380000)
  from space 3072K, 38% used [0x0000000797380000,0x00000007974ab020,0x0000000797680000)
  to   space 3072K, 0% used [0x0000000798880000,0x0000000798880000,0x0000000798b80000)
 ParOldGen       total 129536K, used 73704K [0x0000000740000000, 0x0000000747e80000, 0x0000000795580000)
  object space 129536K, 56% used [0x0000000740000000,0x00000007447fa0b8,0x0000000747e80000)
 Metaspace       used 17744K, capacity 17994K, committed 18304K, reserved 1064960K
  class space    used 2552K, capacity 2608K, committed 2688K, reserved 1048576K
}
Event: 19.815 GC heap before
{Heap before GC invocations=16 (full 0):
 PSYoungGen      total 33792K, used 31916K [0x0000000795580000, 0x0000000798b80000, 0x00000007c0000000)
  eden space 30720K, 100% used [0x0000000795580000,0x0000000797380000,0x0000000797380000)
  from space 3072K, 38% used [0x0000000797380000,0x00000007974ab020,0x0000000797680000)
  to   space 3072K, 0% used [0x0000000798880000,0x0000000798880000,0x0000000798b80000)
 ParOldGen       total 129536K, used 73704K [0x0000000740000000, 0x0000000747e80000, 0x0000000795580000)
  object space 129536K, 56% used [0x0000000740000000,0x00000007447fa0b8,0x0000000747e80000)
 Metaspace       used 18115K, capacity 18408K, committed 18560K, reserved 1064960K
  class space    used 2604K, capacity 2677K, committed 2688K, reserved 1048576K
Event: 19.855 GC heap after
Heap after GC invocations=16 (full 0):
 PSYoungGen      total 52224K, used 2708K [0x0000000795580000, 0x0000000798b80000, 0x00000007c0000000)
  eden space 49152K, 0% used [0x0000000795580000,0x0000000795580000,0x0000000798580000)
  from space 3072K, 88% used [0x0000000798880000,0x0000000798b252f0,0x0000000798b80000)
  to   space 3072K, 0% used [0x0000000798580000,0x0000000798580000,0x0000000798880000)
 ParOldGen       total 129536K, used 91725K [0x0000000740000000, 0x0000000747e80000, 0x0000000795580000)
  object space 129536K, 70% used [0x0000000740000000,0x00000007459935a8,0x0000000747e80000)
 Metaspace       used 18115K, capacity 18408K, committed 18560K, reserved 1064960K
  class space    used 2604K, capacity 2677K, committed 2688K, reserved 1048576K
}
Event: 34.501 GC heap before
{Heap before GC invocations=17 (full 0):
 PSYoungGen      total 52224K, used 50616K [0x0000000795580000, 0x0000000798b80000, 0x00000007c0000000)
  eden space 49152K, 97% used [0x0000000795580000,0x0000000798448e20,0x0000000798580000)
  from space 3072K, 88% used [0x0000000798880000,0x0000000798b252f0,0x0000000798b80000)
  to   space 3072K, 0% used [0x0000000798580000,0x0000000798580000,0x0000000798880000)
 ParOldGen       total 129536K, used 91725K [0x0000000740000000, 0x0000000747e80000, 0x0000000795580000)
  object space 129536K, 70% used [0x0000000740000000,0x00000007459935a8,0x0000000747e80000)
 Metaspace       used 18441K, capacity 18684K, committed 18944K, reserved 1064960K
  class space    used 2617K, capacity 2691K, committed 2816K, reserved 1048576K
Event: 34.557 GC heap after
Heap after GC invocations=17 (full 0):
 PSYoungGen      total 52224K, used 2872K [0x0000000795580000, 0x000000079a000000, 0x00000007c0000000)
  eden space 49152K, 0% used [0x0000000795580000,0x0000000795580000,0x0000000798580000)
  from space 3072K, 93% used [0x0000000798580000,0x000000079884e018,0x0000000798880000)
  to   space 3584K, 0% used [0x0000000799c80000,0x0000000799c80000,0x000000079a000000)
 ParOldGen       total 129536K, used 120095K [0x0000000740000000, 0x0000000747e80000, 0x0000000795580000)
  object space 129536K, 92% used [0x0000000740000000,0x0000000747547d70,0x0000000747e80000)
 Metaspace       used 18441K, capacity 18684K, committed 18944K, reserved 1064960K
  class space    used 2617K, capacity 2691K, committed 2816K, reserved 1048576K
}
Event: 34.557 GC heap before
{Heap before GC invocations=18 (full 1):
 PSYoungGen      total 52224K, used 2872K [0x0000000795580000, 0x000000079a000000, 0x00000007c0000000)
  eden space 49152K, 0% used [0x0000000795580000,0x0000000795580000,0x0000000798580000)
  from space 3072K, 93% used [0x0000000798580000,0x000000079884e018,0x0000000798880000)
  to   space 3584K, 0% used [0x0000000799c80000,0x0000000799c80000,0x000000079a000000)
 ParOldGen       total 129536K, used 120095K [0x0000000740000000, 0x0000000747e80000, 0x0000000795580000)
  object space 129536K, 92% used [0x0000000740000000,0x0000000747547d70,0x0000000747e80000)
 Metaspace       used 18441K, capacity 18684K, committed 18944K, reserved 1064960K
  class space    used 2617K, capacity 2691K, committed 2816K, reserved 1048576K
Event: 34.679 GC heap after
Heap after GC invocations=18 (full 1):
 PSYoungGen      total 52224K, used 0K [0x0000000795580000, 0x000000079a000000, 0x00000007c0000000)
  eden space 49152K, 0% used [0x0000000795580000,0x0000000795580000,0x0000000798580000)
  from space 3072K, 0% used [0x0000000798580000,0x0000000798580000,0x0000000798880000)
  to   space 3584K, 0% used [0x0000000799c80000,0x0000000799c80000,0x000000079a000000)
 ParOldGen       total 72192K, used 40634K [0x0000000740000000, 0x0000000744680000, 0x0000000795580000)
  object space 72192K, 56% used [0x0000000740000000,0x00000007427aeb48,0x0000000744680000)
 Metaspace       used 18441K, capacity 18684K, committed 18944K, reserved 1064960K
  class space    used 2617K, capacity 2691K, committed 2816K, reserved 1048576K
}

